#iterationNumber	varNumber	clauseNumber	itertionTime
1	10077	25290	0.2551s
2	18511	31991	0.09315s
3	26945	53313	0.1064s
4	35379	53167	0.1048s
5	43813	74487	0.1104s
6	52247	74148	0.13s
7	60681	84708	0.1443s
8	69115	106028	0.1299s
9	77549	105706	0.1593s
10	85983	116139	0.1791s
11	94417	126268	0.1558s
12	102851	147584	0.1478s
13	111285	146893	0.1446s
14	119719	168205	0.1793s
15	128153	167351	0.1879s
16	136587	177537	0.244s
17	145021	187819	0.1886s
18	153455	197912	0.1795s
19	161889	219218	0.1896s
20	170323	218395	0.1878s
21	178757	239697	0.1793s
22	187191	238437	0.1785s
23	195625	259739	0.5856s
24	204059	258230	0.2167s
25	212493	279528	0.4353s
26	220927	277616	0.3043s
27	229361	288310	0.352s
28	237795	299017	0.2657s
29	246229	320305	0.3419s
30	254663	320167	0.4839s
31	263097	329436	0.3665s
32	271531	339852	0.419s
33	279965	350312	0.3759s
34	288399	360424	0.2198s
35	296833	370802	0.3172s
36	305267	392080	0.4076s
37	313701	391526	0.3368s
38	322135	401341	0.2956s
39	330569	422615	0.2779s
40	339003	422654	0.5418s
41	347437	432183	0.4234s
42	355871	442598	0.5924s
43	364305	452956	0.4125s
44	372739	461925	0.5047s
45	381173	472051	0.4792s
46	389607	482364	0.5663s
47	398041	503630	0.2893s
48	406475	502714	0.3473s
49	414909	523980	0.9574s
50	423343	522133	0.8035s
51	431777	531910	0.9046s
52	440211	540291	0.8323s
53	448645	550278	0.3164s
54	457079	571530	0.3061s
55	465513	592782	0.311s
56	473947	614034	0.9392s
57	482381	587526	0.8081s
58	490815	595874	0.3887s
59	499249	605723	0.7561s
60	507683	615451	1.049s
61	516117	625692	0.3405s
62	524551	635670	0.6448s
63	532985	645166	0.3319s
64	541419	666400	0.6925s
65	549853	664896	0.5522s
66	558287	686128	1.73s
67	566721	684003	0.3715s
68	575155	705231	0.4923s
69	583589	726459	0.3671s
70	592023	713457	0.6037s
71	600457	734685	0.5301s
72	608891	733899	0.8043s
73	617325	744052	1.119s
74	625759	754085	0.57s
75	634193	775311	1.505s
76	642627	772022	0.6243s
77	651061	793244	0.4755s
78	659495	792446	1.607s
79	667929	802564	0.4652s
80	676363	812579	1.144s
81	684797	822580	0.7157s
82	693231	831828	1.343s
83	701665	841226	0.4314s
84	710099	862444	1.581s
85	718533	861597	0.5489s
86	726967	882815	1.9s
87	735401	876097	0.6978s
88	743835	897303	3.094s
89	752269	894954	0.641s
90	760703	916158	2.152s
91	769137	912841	0.8548s
92	777571	921654	0.6299s
93	786005	942850	0.5649s
94	794439	964046	0.474s
95	802873	950595	0.4862s
96	811307	971791	0.7396s
97	819741	992987	0.7637s
98	828175	979582	2.075s
99	836609	988403	1.448s
100	845043	998246	0.8919s
101	853477	1004205	0.8018s
102	861911	1025391	0.5112s
103	870345	1023987	0.5248s
104	878779	1045173	1.012s
105	887213	1066359	0.6651s
106	895647	1053758	0.7892s
107	904081	1063763	0.5035s
108	912515	1084949	2.985s
109	920949	1083736	0.6672s
110	929383	1093300	0.5426s
111	937817	1114486	1.027s
112	946251	1112686	0.5303s
113	954685	1133872	0.7002s
114	963119	1155056	1.113s
115	971553	1140528	1.86s
116	979987	1150503	0.8144s
117	988421	1159002	0.5647s
118	996855	1180184	0.8763s
119	1005289	1178091	1.018s
120	1013723	1187754	0.782s
121	1022157	1208936	0.6718s
122	1030591	1230118	1.557s
123	1039025	1216614	0.6519s
124	1047459	1226415	1.43s
125	1055893	1236192	1.709s
126	1064327	1246204	1.906s
127	1072761	1256039	1.064s
128	1081195	1277219	0.7477s
129	1089629	1274632	1.806s
130	1098063	1284602	0.7048s
131	1106497	1305782	0.626s
132	1114931	1326962	1.62s
133	1123365	1313752	0.6736s
134	1131799	1323487	1.409s
135	1140233	1333129	1.154s
136	1148667	1354309	1.377s
137	1157101	1352293	0.6707s
138	1165535	1362191	3.366s
139	1173969	1372088	0.6504s
140	1182403	1382306	1.448s
141	1190837	1403486	1.635s
142	1199271	1402101	0.8289s
143	1207705	1423281	2.473s
144	1216139	1419452	1.119s
145	1224573	1440628	1.222s
146	1233007	1438778	0.6629s
147	1241441	1459954	0.7296s
148	1249875	1481130	1.071s
149	1258309	1467695	0.6825s
150	1266743	1488871	0.904s
151	1275177	1510047	0.7243s
152	1283611	1496699	1.821s
153	1292045	1517875	0.8685s
154	1300479	1515941	2.333s
155	1308913	1525444	0.7871s
156	1317347	1535438	1.103s
157	1325781	1556614	1.535s
158	1334215	1555504	0.7412s
159	1342649	1576680	2.219s
160	1351083	1575425	2.571s
161	1359517	1585252	1.809s
162	1367951	1595116	0.9043s
163	1376385	1604890	2.668s
164	1384819	1614605	3.694s
165	1393253	1624335	0.8872s
166	1401687	1634186	0.8874s
167	1410121	1655362	1.705s
168	1418555	1654184	0.8186s
169	1426989	1675360	2.045s
170	1435423	1673636	1.134s
171	1443857	1683255	0.8941s
172	1452291	1704431	2.156s
173	1460725	1702754	1.026s
174	1469159	1712743	1.387s
175	1477593	1722761	2.295s
176	1486027	1732644	1.242s
177	1494461	1753816	0.8005s
178	1502895	1748866	2.5s
179	1511329	1758538	0.8529s
180	1519763	1768312	0.8993s
181	1528197	1789484	1.014s
182	1536631	1810656	0.8222s
183	1545065	1831828	0.8436s
184	1553499	1807665	2.764s
185	1561933	1817430	1.352s
186	1570367	1827534	0.8122s
187	1578801	1848706	0.8615s
188	1587235	1869878	0.9536s
189	1595669	1857547	1.679s
190	1604103	1867394	1.384s
191	1612537	1888566	1.691s
192	1620971	1887402	1.958s
193	1629405	1897530	2.618s
194	1637839	1907544	0.9532s
195	1646273	1917545	1.744s
196	1654707	1927528	0.8855s
197	1663141	1948700	1.279s
198	1671575	1969870	2.033s
199	1680009	1955148	1.077s
200	1688443	1976318	0.913s
201	1696877	1974380	1.694s
202	1705311	1995550	1.224s
203	1713745	1993750	2.031s
204	1722179	2003473	0.9612s
205	1730613	2024643	1.435s
206	1739047	2022800	1.819s
207	1747481	2043970	0.9661s
208	1755915	2042577	1.562s
209	1764349	2063747	1.905s
210	1772783	2062364	0.9359s
211	1781217	2072016	1.594s
212	1789651	2093184	3.493s
213	1798085	2088723	1.436s
214	1806519	2109891	1.31s
215	1814953	2108632	0.9918s
216	1823387	2129800	1.249s
217	1831821	2150968	1.309s
218	1840255	2172136	1.662s
219	1848689	2148632	4.605s
220	1857123	2158613	1.03s
221	1865557	2168447	1.031s
222	1873991	2189615	1.044s
223	1882425	2210783	2.474s
224	1890859	2197642	2.333s
225	1899293	2207429	1.024s
226	1907727	2228597	1.753s
227	1916161	2227230	2.488s
228	1924595	2237174	0.983s
229	1933029	2258342	1.559s
230	1941463	2255005	0.999s
231	1949897	2276171	0.9755s
232	1958331	2297337	1.428s
233	1966765	2318503	1.07s
234	1975199	2293093	1.068s
235	1983633	2314259	1.914s
236	1992067	2335425	1.33s
237	2000501	2322098	1.238s
238	2008935	2343262	1.325s
239	2017369	2364426	1.314s
240	2025803	2349648	1.081s
241	2034237	2370812	2.33s
242	2042671	2369430	1.308s
243	2051105	2390594	1.599s
244	2059539	2389660	2.05s
245	2067973	2399730	1.062s
246	2076407	2420894	1.117s
247	2084841	2442058	2.146s
248	2093275	2430465	1.05s
249	2101709	2451629	1.193s
250	2110143	2472793	1.46s
251	2118577	2493957	1.463s
252	2127011	2470269	2.809s
253	2135445	2480112	1.739s
254	2143879	2489785	1.189s
255	2152313	2510949	1.309s
256	2160747	2508755	1.261s
257	2169181	2529919	1.759s
258	2177615	2551083	1.509s
259	2186049	2537405	1.143s
260	2194483	2558569	1.123s
261	2202917	2579733	1.323s
262	2211351	2600897	3.467s
263	2219785	2576572	1.151s
264	2228219	2586011	1.592s
265	2236653	2607175	3.362s
266	2245087	2604826	1.163s
267	2253521	2614234	2.961s
268	2261955	2623618	2.835s
269	2270389	2633224	1.544s
270	2278823	2654388	5.15s
271	2287257	2600215	2.539s
272	2295691	2609233	1.968s
273	2304125	2618611	1.53s
274	2312559	2622531	2.721s
275	2320993	2625352	1.757s
276	2329427	2634563	3.258s
277	2337861	2643695	4.411s
278	2346295	2652189	1.741s
279	2354729	2661359	2.849s
This is the last UNSAT round.