1 0.35 0.19 0.227
6 0.37 0.27 0.308
11 0.54 0.31 0.432
16 0.65 0.35 0.49
21 1.2 0.39 0.652
26 0.93 0.51 0.692
31 1.28 0.6 0.837
36 1.65 0.77 0.976
41 1.49 0.76 1.104
46 2.1 0.94 1.295
51 2.11 0.89 1.35
56 2.03 1.23 1.62
61 2.94 1.23 1.89
66 2.49 1.58 1.997
71 3.04 1.51 2.373
76 3.49 1.86 2.573
81 4.94 2.01 3.106
86 5.24 2.75 3.583
91 6.46 2.43 4.361
96 5.26 3.15 4.16
101 8.45 3.49 4.892
106 6.99 2.71 4.984
111 8.33 4.35 5.973
116 15.42 4.32 7.921
121 11.56 5.42 8.286
126 16.03 6.86 10.399
131 14.04 4.82 7.869
136 13.94 8.13 11.059
141 15.93 7.15 11.161
146 15.95 8.21 12.408
151 25.91 8.9 14.475
156 19.69 12.26 15.074
161 27.52 12.87 17.947
166 30.14 11.83 18.299
171 30.12 12.84 21.159
176 32.58 12.29 21.294
181 34.57 19.6 24.842
186 69.83 13.8 33.505
191 53.81 18.07 31.321
196 60.22 22.62 40.249
201 79.06 30.18 51.945
