1 1.13 0.6 0.81
6 2.14 0.97 1.4
11 2.65 1.26 1.852
16 2.73 1.44 2.194
21 3.83 1.81 2.559
26 4.02 2.14 3.032
31 5.88 2.53 3.969
36 5.34 2.48 4.006
41 5.73 3.14 4.37
46 7.01 3.19 5.433
51 8.29 3.52 5.58
56 9.39 3.63 6.646
61 10.85 4.81 8.063
66 11.34 4.88 8.419
71 13.16 6.37 9.799
76 11.71 7.39 9.928
81 14.45 8.28 11.385
86 16.54 9.4 11.562
91 14.94 9.24 12.088
96 22.34 9.45 14.587
101 19.3 7.29 14.513
106 25.33 12.39 18.447
111 27.41 11.88 19.131
116 24.91 16.67 20.946
121 26.21 13.31 19.972
126 28.24 18.64 23.811
131 35.87 15.98 25.45
136 39.2 18.76 27.322
141 39.59 20.02 27.157
146 40.78 17.65 29.829
151 38.51 18.94 29.69
156 53.54 18.3 38.824
161 44.46 21.69 37.169
166 65.19 22.28 44.145
171 55.67 33.68 45.513
176 60.16 30.78 43.787
181 76.6 25.04 46.513
186 81.34 33.68 54.488
191 73.58 46.35 56.642
196 98.49 37.34 58.737
201 69.2 42.79 54.639
